# JRE version: OpenJDK Runtime Environment (8.0_242-b01) (build 1.8.0_242-release-1644-b01)
# Java VM: OpenJDK 64-Bit Server VM (25.242-b01 mixed mode windows-amd64 compressed oops)
Heap:
 PSYoungGen      total 243712K, used 182809K [0x00000000d5580000, 0x00000000e9c80000, 0x0000000100000000)
  eden space 229888K, 73% used [0x00000000d5580000,0x00000000dfa88758,0x00000000e3600000)
  from space 13824K, 99% used [0x00000000e3600000,0x00000000e437df18,0x00000000e4380000)
  to   space 17408K, 99% used [0x00000000e8b80000,0x00000000e9c7b320,0x00000000e9c80000)
 ParOldGen       total 80384K, used 20857K [0x0000000080000000, 0x0000000084e80000, 0x00000000d5580000)
  object space 80384K, 25% used [0x0000000080000000,0x00000000814625d0,0x0000000084e80000)
 Metaspace       used 56971K, capacity 59084K, committed 59160K, reserved 1099776K
  class space    used 7718K, capacity 8171K, committed 8240K, reserved 1048576K
GC Heap History (10 events):
Event: 3.942 GC heap after
Heap after GC invocations=7 (full 1):
 PSYoungGen      total 139776K, used 0K [0x00000000d5580000, 0x00000000de880000, 0x0000000100000000)
  eden space 130048K, 0% used [0x00000000d5580000,0x00000000d5580000,0x00000000dd480000)
  from space 9728K, 0% used [0x00000000ddf00000,0x00000000ddf00000,0x00000000de880000)
  to   space 10240K, 0% used [0x00000000dd480000,0x00000000dd480000,0x00000000dde80000)
 ParOldGen       total 54272K, used 8038K [0x0000000080000000, 0x0000000083500000, 0x00000000d5580000)
  object space 54272K, 14% used [0x0000000080000000,0x00000000807d9840,0x0000000083500000)
 Metaspace       used 20590K, capacity 21212K, committed 21296K, reserved 1067008K
  class space    used 2877K, capacity 3076K, committed 3120K, reserved 1048576K
}
Event: 6.006 GC heap before
{Heap before GC invocations=8 (full 1):
 PSYoungGen      total 139776K, used 130048K [0x00000000d5580000, 0x00000000de880000, 0x0000000100000000)
  eden space 130048K, 100% used [0x00000000d5580000,0x00000000dd480000,0x00000000dd480000)
  from space 9728K, 0% used [0x00000000ddf00000,0x00000000ddf00000,0x00000000de880000)
  to   space 10240K, 0% used [0x00000000dd480000,0x00000000dd480000,0x00000000dde80000)
 ParOldGen       total 54272K, used 8038K [0x0000000080000000, 0x0000000083500000, 0x00000000d5580000)
  object space 54272K, 14% used [0x0000000080000000,0x00000000807d9840,0x0000000083500000)
 Metaspace       used 32704K, capacity 33694K, committed 33968K, reserved 1079296K
  class space    used 4455K, capacity 4719K, committed 4784K, reserved 1048576K
Event: 6.025 GC heap after
Heap after GC invocations=8 (full 1):
 PSYoungGen      total 140288K, used 10215K [0x00000000d5580000, 0x00000000e5180000, 0x0000000100000000)
  eden space 130048K, 0% used [0x00000000d5580000,0x00000000d5580000,0x00000000dd480000)
  from space 10240K, 99% used [0x00000000dd480000,0x00000000dde79c98,0x00000000dde80000)
  to   space 14336K, 0% used [0x00000000e4380000,0x00000000e4380000,0x00000000e5180000)
 ParOldGen       total 54272K, used 12226K [0x0000000080000000, 0x0000000083500000, 0x00000000d5580000)
  object space 54272K, 22% used [0x0000000080000000,0x0000000080bf0be0,0x0000000083500000)
 Metaspace       used 32704K, capacity 33694K, committed 33968K, reserved 1079296K
  class space    used 4455K, capacity 4719K, committed 4784K, reserved 1048576K
}
Event: 6.435 GC heap before
{Heap before GC invocations=9 (full 1):
 PSYoungGen      total 140288K, used 43052K [0x00000000d5580000, 0x00000000e5180000, 0x0000000100000000)
  eden space 130048K, 25% used [0x00000000d5580000,0x00000000d75913f8,0x00000000dd480000)
  from space 10240K, 99% used [0x00000000dd480000,0x00000000dde79c98,0x00000000dde80000)
  to   space 14336K, 0% used [0x00000000e4380000,0x00000000e4380000,0x00000000e5180000)
 ParOldGen       total 54272K, used 12226K [0x0000000080000000, 0x0000000083500000, 0x00000000d5580000)
  object space 54272K, 22% used [0x0000000080000000,0x0000000080bf0be0,0x0000000083500000)
 Metaspace       used 34276K, capacity 35400K, committed 35496K, reserved 1079296K
  class space    used 4718K, capacity 5001K, committed 5040K, reserved 1048576K
Event: 6.467 GC heap after
Heap after GC invocations=9 (full 1):
 PSYoungGen      total 244224K, used 8780K [0x00000000d5580000, 0x00000000e5500000, 0x0000000100000000)
  eden space 229888K, 0% used [0x00000000d5580000,0x00000000d5580000,0x00000000e3600000)
  from space 14336K, 61% used [0x00000000e4380000,0x00000000e4c133e0,0x00000000e5180000)
  to   space 13824K, 0% used [0x00000000e3600000,0x00000000e3600000,0x00000000e4380000)
 ParOldGen       total 54272K, used 12234K [0x0000000080000000, 0x0000000083500000, 0x00000000d5580000)
  object space 54272K, 22% used [0x0000000080000000,0x0000000080bf2be0,0x0000000083500000)
 Metaspace       used 34276K, capacity 35400K, committed 35496K, reserved 1079296K
  class space    used 4718K, capacity 5001K, committed 5040K, reserved 1048576K
}
Event: 6.467 GC heap before
{Heap before GC invocations=10 (full 2):
 PSYoungGen      total 244224K, used 8780K [0x00000000d5580000, 0x00000000e5500000, 0x0000000100000000)
  eden space 229888K, 0% used [0x00000000d5580000,0x00000000d5580000,0x00000000e3600000)
  from space 14336K, 61% used [0x00000000e4380000,0x00000000e4c133e0,0x00000000e5180000)
  to   space 13824K, 0% used [0x00000000e3600000,0x00000000e3600000,0x00000000e4380000)
 ParOldGen       total 54272K, used 12234K [0x0000000080000000, 0x0000000083500000, 0x00000000d5580000)
  object space 54272K, 22% used [0x0000000080000000,0x0000000080bf2be0,0x0000000083500000)
 Metaspace       used 34276K, capacity 35400K, committed 35496K, reserved 1079296K
  class space    used 4718K, capacity 5001K, committed 5040K, reserved 1048576K
Event: 6.630 GC heap after
Heap after GC invocations=10 (full 2):
 PSYoungGen      total 244224K, used 0K [0x00000000d5580000, 0x00000000e5500000, 0x0000000100000000)
  eden space 229888K, 0% used [0x00000000d5580000,0x00000000d5580000,0x00000000e3600000)
  from space 14336K, 0% used [0x00000000e4380000,0x00000000e4380000,0x00000000e5180000)
  to   space 13824K, 0% used [0x00000000e3600000,0x00000000e3600000,0x00000000e4380000)
 ParOldGen       total 80384K, used 15153K [0x0000000080000000, 0x0000000084e80000, 0x00000000d5580000)
  object space 80384K, 18% used [0x0000000080000000,0x0000000080ecc758,0x0000000084e80000)
 Metaspace       used 34276K, capacity 35400K, committed 35496K, reserved 1079296K
  class space    used 4718K, capacity 5001K, committed 5040K, reserved 1048576K
}
Event: 9.634 GC heap before
{Heap before GC invocations=11 (full 2):
 PSYoungGen      total 244224K, used 229888K [0x00000000d5580000, 0x00000000e5500000, 0x0000000100000000)
  eden space 229888K, 100% used [0x00000000d5580000,0x00000000e3600000,0x00000000e3600000)
  from space 14336K, 0% used [0x00000000e4380000,0x00000000e4380000,0x00000000e5180000)
  to   space 13824K, 0% used [0x00000000e3600000,0x00000000e3600000,0x00000000e4380000)
 ParOldGen       total 80384K, used 15153K [0x0000000080000000, 0x0000000084e80000, 0x00000000d5580000)
  object space 80384K, 18% used [0x0000000080000000,0x0000000080ecc758,0x0000000084e80000)
 Metaspace       used 45421K, capacity 47130K, committed 47528K, reserved 1089536K
  class space    used 6121K, capacity 6464K, committed 6576K, reserved 1048576K
Event: 9.675 GC heap after
Heap after GC invocations=11 (full 2):
 PSYoungGen      total 243712K, used 13815K [0x00000000d5580000, 0x00000000e9c80000, 0x0000000100000000)
  eden space 229888K, 0% used [0x00000000d5580000,0x00000000d5580000,0x00000000e3600000)
  from space 13824K, 99% used [0x00000000e3600000,0x00000000e437df18,0x00000000e4380000)
  to   space 17408K, 0% used [0x00000000e8b80000,0x00000000e8b80000,0x00000000e9c80000)
 ParOldGen       total 80384K, used 18813K [0x0000000080000000, 0x0000000084e80000, 0x00000000d5580000)
  object space 80384K, 23% used [0x0000000080000000,0x000000008125f560,0x0000000084e80000)
 Metaspace       used 45421K, capacity 47130K, committed 47528K, reserved 1089536K
  class space    used 6121K, capacity 6464K, committed 6576K, reserved 1048576K
}
Event: 12.847 GC heap before
{Heap before GC invocations=12 (full 2):
 PSYoungGen      total 243712K, used 182809K [0x00000000d5580000, 0x00000000e9c80000, 0x0000000100000000)
  eden space 229888K, 73% used [0x00000000d5580000,0x00000000dfa88758,0x00000000e3600000)
  from space 13824K, 99% used [0x00000000e3600000,0x00000000e437df18,0x00000000e4380000)
  to   space 17408K, 0% used [0x00000000e8b80000,0x00000000e8b80000,0x00000000e9c80000)
 ParOldGen       total 80384K, used 18813K [0x0000000080000000, 0x0000000084e80000, 0x00000000d5580000)
  object space 80384K, 23% used [0x0000000080000000,0x000000008125f560,0x0000000084e80000)
 Metaspace       used 56971K, capacity 59084K, committed 59160K, reserved 1099776K
  class space    used 7718K, capacity 8171K, committed 8240K, reserved 1048576K

